<?xml version="1.0" encoding="UTF-8"?>
<testng-results ignored="0" total="1" passed="1" failed="0" skipped="0">
  <reporter-output>
  </reporter-output>
  <suite started-at="2022-10-01T19:26:22 GMT-07:00" name="Default suite" finished-at="2022-10-01T19:26:22 GMT-07:00" duration-ms="75">
    <groups>
    </groups>
    <test started-at="2022-10-01T19:26:22 GMT-07:00" name="Default test" finished-at="2022-10-01T19:26:22 GMT-07:00" duration-ms="75">
      <class name="basic.neww">
        <test-method is-config="true" signature="before()[pri:0, instance:basic.neww@71238fc2]" started-at="2022-10-01T19:26:22 GMT-07:00" name="before" finished-at="2022-10-01T19:26:22 GMT-07:00" duration-ms="10" status="PASS">
          <reporter-output>
          </reporter-output>
        </test-method> <!-- before -->
        <test-method is-config="true" signature="beforemethod()[pri:0, instance:basic.neww@71238fc2]" started-at="2022-10-01T19:26:22 GMT-07:00" name="beforemethod" finished-at="2022-10-01T19:26:22 GMT-07:00" duration-ms="1" status="PASS">
          <reporter-output>
          </reporter-output>
        </test-method> <!-- beforemethod -->
        <test-method signature="test()[pri:0, instance:basic.neww@71238fc2]" started-at="2022-10-01T19:26:22 GMT-07:00" name="test" finished-at="2022-10-01T19:26:22 GMT-07:00" duration-ms="7" status="PASS">
          <reporter-output>
          </reporter-output>
        </test-method> <!-- test -->
      </class> <!-- basic.neww -->
    </test> <!-- Default test -->
  </suite> <!-- Default suite -->
</testng-results>
